<?xml version="1.0" encoding="utf-8"?>
<coverage line-rate="0.0471" branch-rate="0.049699999999999994" version="1.9" timestamp="1753363963" lines-covered="112" lines-valid="2376" branches-covered="19" branches-valid="382">
  <sources>
    <source>C:\Users\flart\Documents\cesi\indiv\Bloc 3\CesiZen\</source>
  </sources>
  <packages>
    <package name="CESIZenBackOfficeMVC" line-rate="0.1275" branch-rate="0.049699999999999994" complexity="409">
      <classes>
        <class name="Program" filename="CesiNewsBackOfficeMVC\Program.cs" line-rate="0" branch-rate="0" complexity="4">
          <methods>
            <method name="&lt;Main&gt;$" signature="(System.String[])" line-rate="0" branch-rate="0" complexity="4">
              <lines>
                <line number="4" hits="0" branch="False" />
                <line number="6" hits="0" branch="True" condition-coverage="0% (0/2)">
                  <conditions>
                    <condition number="31" type="jump" coverage="0%" />
                  </conditions>
                </line>
                <line number="7" hits="0" branch="False" />
                <line number="8" hits="0" branch="False" />
                <line number="9" hits="0" branch="False" />
                <line number="11" hits="0" branch="False" />
                <line number="12" hits="0" branch="False" />
                <line number="16" hits="0" branch="False" />
                <line number="20" hits="0" branch="False" />
                <line number="21" hits="0" branch="False" />
                <line number="22" hits="0" branch="False" />
                <line number="23" hits="0" branch="False" />
                <line number="24" hits="0" branch="False" />
                <line number="25" hits="0" branch="False" />
                <line number="27" hits="0" branch="False" />
                <line number="30" hits="0" branch="True" condition-coverage="0% (0/2)">
                  <conditions>
                    <condition number="154" type="jump" coverage="0%" />
                  </conditions>
                </line>
                <line number="31" hits="0" branch="False" />
                <line number="32" hits="0" branch="False" />
                <line number="34" hits="0" branch="False" />
                <line number="35" hits="0" branch="False" />
                <line number="37" hits="0" branch="False" />
                <line number="39" hits="0" branch="False" />
                <line number="40" hits="0" branch="False" />
                <line number="42" hits="0" branch="False" />
                <line number="44" hits="0" branch="False" />
                <line number="46" hits="0" branch="False" />
                <line number="47" hits="0" branch="False" />
                <line number="48" hits="0" branch="False" />
                <line number="50" hits="0" branch="False" />
              </lines>
            </method>
          </methods>
          <lines>
            <line number="4" hits="0" branch="False" />
            <line number="6" hits="0" branch="True" condition-coverage="0% (0/2)">
              <conditions>
                <condition number="31" type="jump" coverage="0%" />
              </conditions>
            </line>
            <line number="7" hits="0" branch="False" />
            <line number="8" hits="0" branch="False" />
            <line number="9" hits="0" branch="False" />
            <line number="11" hits="0" branch="False" />
            <line number="12" hits="0" branch="False" />
            <line number="16" hits="0" branch="False" />
            <line number="20" hits="0" branch="False" />
            <line number="21" hits="0" branch="False" />
            <line number="22" hits="0" branch="False" />
            <line number="23" hits="0" branch="False" />
            <line number="24" hits="0" branch="False" />
            <line number="25" hits="0" branch="False" />
            <line number="27" hits="0" branch="False" />
            <line number="30" hits="0" branch="True" condition-coverage="0% (0/2)">
              <conditions>
                <condition number="154" type="jump" coverage="0%" />
              </conditions>
            </line>
            <line number="31" hits="0" branch="False" />
            <line number="32" hits="0" branch="False" />
            <line number="34" hits="0" branch="False" />
            <line number="35" hits="0" branch="False" />
            <line number="37" hits="0" branch="False" />
            <line number="39" hits="0" branch="False" />
            <line number="40" hits="0" branch="False" />
            <line number="42" hits="0" branch="False" />
            <line number="44" hits="0" branch="False" />
            <line number="46" hits="0" branch="False" />
            <line number="47" hits="0" branch="False" />
            <line number="48" hits="0" branch="False" />
            <line number="50" hits="0" branch="False" />
          </lines>
        </class>
        <class name="AspNetCoreGeneratedDocument.Views_Contenu_Contenu/&lt;ExecuteAsync&gt;d__0" filename="CesiNewsBackOfficeMVC\Views\Contenu\Contenu.cshtml" line-rate="0" branch-rate="1" complexity="1">
          <methods>
            <method name="MoveNext" signature="()" line-rate="0" branch-rate="1" complexity="1">
              <lines>
                <line number="2" hits="0" branch="False" />
                <line number="3" hits="0" branch="False" />
              </lines>
            </method>
          </methods>
          <lines>
            <line number="2" hits="0" branch="False" />
            <line number="3" hits="0" branch="False" />
          </lines>
        </class>
        <class name="AspNetCoreGeneratedDocument.Views_Emotion_AjouterEmotion/&lt;ExecuteAsync&gt;d__16" filename="CesiNewsBackOfficeMVC\Views\Emotion\AjouterEmotion.cshtml" line-rate="0" branch-rate="0" complexity="2">
          <methods>
            <method name="MoveNext" signature="()" line-rate="0" branch-rate="0" complexity="2">
              <lines>
                <line number="4" hits="0" branch="True" condition-coverage="0% (0/2)">
                  <conditions>
                    <condition number="496" type="jump" coverage="0%" />
                  </conditions>
                </line>
              </lines>
            </method>
          </methods>
          <lines>
            <line number="4" hits="0" branch="True" condition-coverage="0% (0/2)">
              <conditions>
                <condition number="496" type="jump" coverage="0%" />
              </conditions>
            </line>
          </lines>
        </class>
        <class name="AspNetCoreGeneratedDocument.Views_Emotion_ListeEmotion/&lt;ExecuteAsync&gt;d__15" filename="CesiNewsBackOfficeMVC\Views\Emotion\ListeEmotion.cshtml" line-rate="0" branch-rate="0" complexity="22">
          <methods>
            <method name="MoveNext" signature="()" line-rate="0" branch-rate="0" complexity="22">
              <lines>
                <line number="3" hits="0" branch="True" condition-coverage="0% (0/2)">
                  <conditions>
                    <condition number="466" type="jump" coverage="0%" />
                  </conditions>
                </line>
                <line number="31" hits="0" branch="True" condition-coverage="0% (0/2)">
                  <conditions>
                    <condition number="2342" type="jump" coverage="0%" />
                  </conditions>
                </line>
                <line number="32" hits="0" branch="True" condition-coverage="0% (0/8)">
                  <conditions>
                    <condition number="1063" type="jump" coverage="0%" />
                    <condition number="1417" type="jump" coverage="0%" />
                    <condition number="1784" type="jump" coverage="0%" />
                    <condition number="2138" type="jump" coverage="0%" />
                  </conditions>
                </line>
                <line number="44" hits="0" branch="False" />
                <line number="51" hits="0" branch="True" condition-coverage="0% (0/2)">
                  <conditions>
                    <condition number="4093" type="jump" coverage="0%" />
                  </conditions>
                </line>
                <line number="52" hits="0" branch="True" condition-coverage="0% (0/8)">
                  <conditions>
                    <condition number="2813" type="jump" coverage="0%" />
                    <condition number="3167" type="jump" coverage="0%" />
                    <condition number="3534" type="jump" coverage="0%" />
                    <condition number="3888" type="jump" coverage="0%" />
                  </conditions>
                </line>
                <line number="65" hits="0" branch="False" />
              </lines>
            </method>
          </methods>
          <lines>
            <line number="3" hits="0" branch="True" condition-coverage="0% (0/2)">
              <conditions>
                <condition number="466" type="jump" coverage="0%" />
              </conditions>
            </line>
            <line number="31" hits="0" branch="True" condition-coverage="0% (0/2)">
              <conditions>
                <condition number="2342" type="jump" coverage="0%" />
              </conditions>
            </line>
            <line number="32" hits="0" branch="True" condition-coverage="0% (0/8)">
              <conditions>
                <condition number="1063" type="jump" coverage="0%" />
                <condition number="1417" type="jump" coverage="0%" />
                <condition number="1784" type="jump" coverage="0%" />
                <condition number="2138" type="jump" coverage="0%" />
              </conditions>
            </line>
            <line number="44" hits="0" branch="False" />
            <line number="51" hits="0" branch="True" condition-coverage="0% (0/2)">
              <conditions>
                <condition number="4093" type="jump" coverage="0%" />
              </conditions>
            </line>
            <line number="52" hits="0" branch="True" condition-coverage="0% (0/8)">
              <conditions>
                <condition number="2813" type="jump" coverage="0%" />
                <condition number="3167" type="jump" coverage="0%" />
                <condition number="3534" type="jump" coverage="0%" />
                <condition number="3888" type="jump" coverage="0%" />
              </conditions>
            </line>
            <line number="65" hits="0" branch="False" />
          </lines>
        </class>
        <class name="AspNetCoreGeneratedDocument.Views_Emotion_ModifierEmotion/&lt;ExecuteAsync&gt;d__17" filename="CesiNewsBackOfficeMVC\Views\Emotion\ModifierEmotion.cshtml" line-rate="0" branch-rate="0" complexity="2">
          <methods>
            <method name="MoveNext" signature="()" line-rate="0" branch-rate="0" complexity="2">
              <lines>
                <line number="4" hits="0" branch="True" condition-coverage="0% (0/2)">
                  <conditions>
                    <condition number="496" type="jump" coverage="0%" />
                  </conditions>
                </line>
              </lines>
            </method>
          </methods>
          <lines>
            <line number="4" hits="0" branch="True" condition-coverage="0% (0/2)">
              <conditions>
                <condition number="496" type="jump" coverage="0%" />
              </conditions>
            </line>
          </lines>
        </class>
        <class name="AspNetCoreGeneratedDocument.Views_Home_Index/&lt;ExecuteAsync&gt;d__0" filename="CesiNewsBackOfficeMVC\Views\Home\Index.cshtml" line-rate="0" branch-rate="1" complexity="1">
          <methods>
            <method name="MoveNext" signature="()" line-rate="0" branch-rate="1" complexity="1">
              <lines>
                <line number="2" hits="0" branch="False" />
              </lines>
            </method>
          </methods>
          <lines>
            <line number="2" hits="0" branch="False" />
          </lines>
        </class>
        <class name="AspNetCoreGeneratedDocument.Views_RapportEmotion_GenererRapport/&lt;ExecuteAsync&gt;d__10" filename="CesiNewsBackOfficeMVC\Views\RapportEmotion\GenererRapport.cshtml" line-rate="0" branch-rate="0" complexity="4">
          <methods>
            <method name="MoveNext" signature="()" line-rate="0" branch-rate="0" complexity="4">
              <lines>
                <line number="4" hits="0" branch="False" />
                <line number="15" hits="0" branch="True" condition-coverage="0% (0/2)">
                  <conditions>
                    <condition number="116" type="jump" coverage="0%" />
                  </conditions>
                </line>
                <line number="16" hits="0" branch="False" />
                <line number="18" hits="0" branch="True" condition-coverage="0% (0/2)">
                  <conditions>
                    <condition number="612" type="jump" coverage="0%" />
                  </conditions>
                </line>
              </lines>
            </method>
          </methods>
          <lines>
            <line number="4" hits="0" branch="False" />
            <line number="15" hits="0" branch="True" condition-coverage="0% (0/2)">
              <conditions>
                <condition number="116" type="jump" coverage="0%" />
              </conditions>
            </line>
            <line number="16" hits="0" branch="False" />
            <line number="18" hits="0" branch="True" condition-coverage="0% (0/2)">
              <conditions>
                <condition number="612" type="jump" coverage="0%" />
              </conditions>
            </line>
          </lines>
        </class>
        <class name="AspNetCoreGeneratedDocument.Views_RapportEmotion_VisualiserRapport/&lt;ExecuteAsync&gt;d__9" filename="CesiNewsBackOfficeMVC\Views\RapportEmotion\VisualiserRapport.cshtml" line-rate="0" branch-rate="0" complexity="2">
          <methods>
            <method name="MoveNext" signature="()" line-rate="0" branch-rate="0" complexity="2">
              <lines>
                <line number="4" hits="0" branch="False" />
                <line number="5" hits="0" branch="True" condition-coverage="0% (0/2)">
                  <conditions>
                    <condition number="1323" type="jump" coverage="0%" />
                  </conditions>
                </line>
              </lines>
            </method>
          </methods>
          <lines>
            <line number="4" hits="0" branch="False" />
            <line number="5" hits="0" branch="True" condition-coverage="0% (0/2)">
              <conditions>
                <condition number="1323" type="jump" coverage="0%" />
              </conditions>
            </line>
          </lines>
        </class>
        <class name="AspNetCoreGeneratedDocument.Views_Shared_Error/&lt;ExecuteAsync&gt;d__0" filename="CesiNewsBackOfficeMVC\Views\Shared\Error.cshtml" line-rate="0" branch-rate="0" complexity="2">
          <methods>
            <method name="MoveNext" signature="()" line-rate="0" branch-rate="0" complexity="2">
              <lines>
                <line number="4" hits="0" branch="False" />
                <line number="10" hits="0" branch="True" condition-coverage="0% (0/2)">
                  <conditions>
                    <condition number="70" type="jump" coverage="0%" />
                  </conditions>
                </line>
                <line number="11" hits="0" branch="False" />
                <line number="15" hits="0" branch="False" />
              </lines>
            </method>
          </methods>
          <lines>
            <line number="4" hits="0" branch="False" />
            <line number="10" hits="0" branch="True" condition-coverage="0% (0/2)">
              <conditions>
                <condition number="70" type="jump" coverage="0%" />
              </conditions>
            </line>
            <line number="11" hits="0" branch="False" />
            <line number="15" hits="0" branch="False" />
          </lines>
        </class>
        <class name="AspNetCoreGeneratedDocument.Views_Tracker_AjouterTracker/&lt;&lt;ExecuteAsync&gt;b__22_0&gt;d" filename="CesiNewsBackOfficeMVC\Views\Tracker\AjouterTracker.cshtml" line-rate="0" branch-rate="0" complexity="22">
          <methods>
            <method name="MoveNext" signature="()" line-rate="0" branch-rate="0" complexity="22">
              <lines>
                <line number="24" hits="0" branch="True" condition-coverage="0% (0/6)">
                  <conditions>
                    <condition number="616" type="jump" coverage="0%" />
                    <condition number="1230" type="jump" coverage="0%" />
                    <condition number="1443" type="jump" coverage="0%" />
                  </conditions>
                </line>
                <line number="25" hits="0" branch="False" />
                <line number="27" hits="0" branch="True" condition-coverage="0% (0/2)">
                  <conditions>
                    <condition number="2028" type="jump" coverage="0%" />
                  </conditions>
                </line>
                <line number="36" hits="0" branch="True" condition-coverage="0% (0/2)">
                  <conditions>
                    <condition number="2241" type="jump" coverage="0%" />
                  </conditions>
                </line>
                <line number="37" hits="0" branch="False" />
                <line number="39" hits="0" branch="True" condition-coverage="0% (0/4)">
                  <conditions>
                    <condition number="2744" type="jump" coverage="0%" />
                    <condition number="3456" type="jump" coverage="0%" />
                  </conditions>
                </line>
                <line number="46" hits="0" branch="True" condition-coverage="0% (0/2)">
                  <conditions>
                    <condition number="3670" type="jump" coverage="0%" />
                  </conditions>
                </line>
                <line number="47" hits="0" branch="False" />
                <line number="49" hits="0" branch="True" condition-coverage="0% (0/4)">
                  <conditions>
                    <condition number="4174" type="jump" coverage="0%" />
                    <condition number="4812" type="jump" coverage="0%" />
                  </conditions>
                </line>
                <line number="56" hits="0" branch="True" condition-coverage="0% (0/2)">
                  <conditions>
                    <condition number="5026" type="jump" coverage="0%" />
                  </conditions>
                </line>
                <line number="57" hits="0" branch="False" />
                <line number="59" hits="0" branch="False" />
              </lines>
            </method>
          </methods>
          <lines>
            <line number="24" hits="0" branch="True" condition-coverage="0% (0/6)">
              <conditions>
                <condition number="616" type="jump" coverage="0%" />
                <condition number="1230" type="jump" coverage="0%" />
                <condition number="1443" type="jump" coverage="0%" />
              </conditions>
            </line>
            <line number="25" hits="0" branch="False" />
            <line number="27" hits="0" branch="True" condition-coverage="0% (0/2)">
              <conditions>
                <condition number="2028" type="jump" coverage="0%" />
              </conditions>
            </line>
            <line number="36" hits="0" branch="True" condition-coverage="0% (0/2)">
              <conditions>
                <condition number="2241" type="jump" coverage="0%" />
              </conditions>
            </line>
            <line number="37" hits="0" branch="False" />
            <line number="39" hits="0" branch="True" condition-coverage="0% (0/4)">
              <conditions>
                <condition number="2744" type="jump" coverage="0%" />
                <condition number="3456" type="jump" coverage="0%" />
              </conditions>
            </line>
            <line number="46" hits="0" branch="True" condition-coverage="0% (0/2)">
              <conditions>
                <condition number="3670" type="jump" coverage="0%" />
              </conditions>
            </line>
            <line number="47" hits="0" branch="False" />
            <line number="49" hits="0" branch="True" condition-coverage="0% (0/4)">
              <conditions>
                <condition number="4174" type="jump" coverage="0%" />
                <condition number="4812" type="jump" coverage="0%" />
              </conditions>
            </line>
            <line number="56" hits="0" branch="True" condition-coverage="0% (0/2)">
              <conditions>
                <condition number="5026" type="jump" coverage="0%" />
              </conditions>
            </line>
            <line number="57" hits="0" branch="False" />
            <line number="59" hits="0" branch="False" />
          </lines>
        </class>
        <class name="AspNetCoreGeneratedDocument.Views_Tracker_AjouterTracker/&lt;ExecuteAsync&gt;d__22" filename="CesiNewsBackOfficeMVC\Views\Tracker\AjouterTracker.cshtml" line-rate="0" branch-rate="0" complexity="2">
          <methods>
            <method name="MoveNext" signature="()" line-rate="0" branch-rate="0" complexity="2">
              <lines>
                <line number="4" hits="0" branch="True" condition-coverage="0% (0/2)">
                  <conditions>
                    <condition number="496" type="jump" coverage="0%" />
                  </conditions>
                </line>
              </lines>
            </method>
          </methods>
          <lines>
            <line number="4" hits="0" branch="True" condition-coverage="0% (0/2)">
              <conditions>
                <condition number="496" type="jump" coverage="0%" />
              </conditions>
            </line>
          </lines>
        </class>
        <class name="AspNetCoreGeneratedDocument.Views_Tracker_JournalDeBord/&lt;ExecuteAsync&gt;d__20" filename="CesiNewsBackOfficeMVC\Views\Tracker\JournalDeBord.cshtml" line-rate="0" branch-rate="0" complexity="26">
          <methods>
            <method name="MoveNext" signature="()" line-rate="0" branch-rate="0" complexity="26">
              <lines>
                <line number="4" hits="0" branch="True" condition-coverage="0% (0/4)">
                  <conditions>
                    <condition number="480" type="jump" coverage="0%" />
                    <condition number="1048" type="jump" coverage="0%" />
                  </conditions>
                </line>
                <line number="22" hits="0" branch="True" condition-coverage="0% (0/2)">
                  <conditions>
                    <condition number="3577" type="jump" coverage="0%" />
                  </conditions>
                </line>
                <line number="23" hits="0" branch="False" />
                <line number="24" hits="0" branch="True" condition-coverage="0% (0/20)">
                  <conditions>
                    <condition number="1367" type="jump" coverage="0%" />
                    <condition number="1381" type="jump" coverage="0%" />
                    <condition number="1395" type="jump" coverage="0%" />
                    <condition number="1409" type="jump" coverage="0%" />
                    <condition number="1423" type="jump" coverage="0%" />
                    <condition number="1437" type="jump" coverage="0%" />
                    <condition number="2187" type="jump" coverage="0%" />
                    <condition number="2541" type="jump" coverage="0%" />
                    <condition number="2958" type="jump" coverage="0%" />
                    <condition number="3366" type="jump" coverage="0%" />
                  </conditions>
                </line>
                <line number="25" hits="0" branch="False" />
                <line number="26" hits="0" branch="False" />
                <line number="27" hits="0" branch="False" />
                <line number="28" hits="0" branch="False" />
                <line number="29" hits="0" branch="False" />
                <line number="30" hits="0" branch="False" />
                <line number="31" hits="0" branch="False" />
                <line number="32" hits="0" branch="False" />
                <line number="33" hits="0" branch="False" />
                <line number="62" hits="0" branch="False" />
              </lines>
            </method>
          </methods>
          <lines>
            <line number="4" hits="0" branch="True" condition-coverage="0% (0/4)">
              <conditions>
                <condition number="480" type="jump" coverage="0%" />
                <condition number="1048" type="jump" coverage="0%" />
              </conditions>
            </line>
            <line number="22" hits="0" branch="True" condition-coverage="0% (0/2)">
              <conditions>
                <condition number="3577" type="jump" coverage="0%" />
              </conditions>
            </line>
            <line number="23" hits="0" branch="False" />
            <line number="24" hits="0" branch="True" condition-coverage="0% (0/20)">
              <conditions>
                <condition number="1367" type="jump" coverage="0%" />
                <condition number="1381" type="jump" coverage="0%" />
                <condition number="1395" type="jump" coverage="0%" />
                <condition number="1409" type="jump" coverage="0%" />
                <condition number="1423" type="jump" coverage="0%" />
                <condition number="1437" type="jump" coverage="0%" />
                <condition number="2187" type="jump" coverage="0%" />
                <condition number="2541" type="jump" coverage="0%" />
                <condition number="2958" type="jump" coverage="0%" />
                <condition number="3366" type="jump" coverage="0%" />
              </conditions>
            </line>
            <line number="25" hits="0" branch="False" />
            <line number="26" hits="0" branch="False" />
            <line number="27" hits="0" branch="False" />
            <line number="28" hits="0" branch="False" />
            <line number="29" hits="0" branch="False" />
            <line number="30" hits="0" branch="False" />
            <line number="31" hits="0" branch="False" />
            <line number="32" hits="0" branch="False" />
            <line number="33" hits="0" branch="False" />
            <line number="62" hits="0" branch="False" />
          </lines>
        </class>
        <class name="AspNetCoreGeneratedDocument.Views_Tracker_ModifierTracker/&lt;&gt;c__DisplayClass23_0/&lt;&lt;ExecuteAsync&gt;b__0&gt;d" filename="CesiNewsBackOfficeMVC\Views\Tracker\ModifierTracker.cshtml" line-rate="0" branch-rate="0" complexity="28">
          <methods>
            <method name="MoveNext" signature="()" line-rate="0" branch-rate="0" complexity="28">
              <lines>
                <line number="27" hits="0" branch="True" condition-coverage="0% (0/10)">
                  <conditions>
                    <condition number="720" type="jump" coverage="0%" />
                    <condition number="1045" type="jump" coverage="0%" />
                    <condition number="1516" type="jump" coverage="0%" />
                    <condition number="2235" type="jump" coverage="0%" />
                    <condition number="2483" type="jump" coverage="0%" />
                  </conditions>
                </line>
                <line number="28" hits="0" branch="False" />
                <line number="30" hits="0" branch="True" condition-coverage="0% (0/8)">
                  <conditions>
                    <condition number="3182" type="jump" coverage="0%" />
                    <condition number="3507" type="jump" coverage="0%" />
                    <condition number="3978" type="jump" coverage="0%" />
                    <condition number="4817" type="jump" coverage="0%" />
                  </conditions>
                </line>
                <line number="47" hits="0" branch="True" condition-coverage="0% (0/2)">
                  <conditions>
                    <condition number="5066" type="jump" coverage="0%" />
                  </conditions>
                </line>
                <line number="48" hits="0" branch="False" />
                <line number="50" hits="0" branch="True" condition-coverage="0% (0/6)">
                  <conditions>
                    <condition number="5229" type="jump" coverage="0%" />
                    <condition number="5701" type="jump" coverage="0%" />
                    <condition number="6449" type="jump" coverage="0%" />
                  </conditions>
                </line>
                <line number="56" hits="0" branch="True" condition-coverage="0% (0/2)">
                  <conditions>
                    <condition number="6698" type="jump" coverage="0%" />
                  </conditions>
                </line>
                <line number="57" hits="0" branch="False" />
                <line number="59" hits="0" branch="False" />
              </lines>
            </method>
          </methods>
          <lines>
            <line number="27" hits="0" branch="True" condition-coverage="0% (0/10)">
              <conditions>
                <condition number="720" type="jump" coverage="0%" />
                <condition number="1045" type="jump" coverage="0%" />
                <condition number="1516" type="jump" coverage="0%" />
                <condition number="2235" type="jump" coverage="0%" />
                <condition number="2483" type="jump" coverage="0%" />
              </conditions>
            </line>
            <line number="28" hits="0" branch="False" />
            <line number="30" hits="0" branch="True" condition-coverage="0% (0/8)">
              <conditions>
                <condition number="3182" type="jump" coverage="0%" />
                <condition number="3507" type="jump" coverage="0%" />
                <condition number="3978" type="jump" coverage="0%" />
                <condition number="4817" type="jump" coverage="0%" />
              </conditions>
            </line>
            <line number="47" hits="0" branch="True" condition-coverage="0% (0/2)">
              <conditions>
                <condition number="5066" type="jump" coverage="0%" />
              </conditions>
            </line>
            <line number="48" hits="0" branch="False" />
            <line number="50" hits="0" branch="True" condition-coverage="0% (0/6)">
              <conditions>
                <condition number="5229" type="jump" coverage="0%" />
                <condition number="5701" type="jump" coverage="0%" />
                <condition number="6449" type="jump" coverage="0%" />
              </conditions>
            </line>
            <line number="56" hits="0" branch="True" condition-coverage="0% (0/2)">
              <conditions>
                <condition number="6698" type="jump" coverage="0%" />
              </conditions>
            </line>
            <line number="57" hits="0" branch="False" />
            <line number="59" hits="0" branch="False" />
          </lines>
        </class>
        <class name="AspNetCoreGeneratedDocument.Views_Tracker_ModifierTracker/&lt;ExecuteAsync&gt;d__23" filename="CesiNewsBackOfficeMVC\Views\Tracker\ModifierTracker.cshtml" line-rate="0" branch-rate="0" complexity="6">
          <methods>
            <method name="MoveNext" signature="()" line-rate="0" branch-rate="0" complexity="6">
              <lines>
                <line number="4" hits="0" branch="False" />
                <line number="5" hits="0" branch="False" />
                <line number="16" hits="0" branch="True" condition-coverage="0% (0/2)">
                  <conditions>
                    <condition number="204" type="jump" coverage="0%" />
                  </conditions>
                </line>
                <line number="17" hits="0" branch="False" />
                <line number="19" hits="0" branch="True" condition-coverage="0% (0/4)">
                  <conditions>
                    <condition number="700" type="jump" coverage="0%" />
                    <condition number="1206" type="jump" coverage="0%" />
                  </conditions>
                </line>
              </lines>
            </method>
          </methods>
          <lines>
            <line number="4" hits="0" branch="False" />
            <line number="5" hits="0" branch="False" />
            <line number="16" hits="0" branch="True" condition-coverage="0% (0/2)">
              <conditions>
                <condition number="204" type="jump" coverage="0%" />
              </conditions>
            </line>
            <line number="17" hits="0" branch="False" />
            <line number="19" hits="0" branch="True" condition-coverage="0% (0/4)">
              <conditions>
                <condition number="700" type="jump" coverage="0%" />
                <condition number="1206" type="jump" coverage="0%" />
              </conditions>
            </line>
          </lines>
        </class>
        <class name="AspNetCoreGeneratedDocument.Views_Utilisateur_Compte/&lt;ExecuteAsync&gt;d__11" filename="CesiNewsBackOfficeMVC\Views\Utilisateur\Compte.cshtml" line-rate="0" branch-rate="0" complexity="6">
          <methods>
            <method name="MoveNext" signature="()" line-rate="0" branch-rate="0" complexity="6">
              <lines>
                <line number="4" hits="0" branch="True" condition-coverage="0% (0/6)">
                  <conditions>
                    <condition number="518" type="jump" coverage="0%" />
                    <condition number="874" type="jump" coverage="0%" />
                    <condition number="1388" type="jump" coverage="0%" />
                  </conditions>
                </line>
              </lines>
            </method>
          </methods>
          <lines>
            <line number="4" hits="0" branch="True" condition-coverage="0% (0/6)">
              <conditions>
                <condition number="518" type="jump" coverage="0%" />
                <condition number="874" type="jump" coverage="0%" />
                <condition number="1388" type="jump" coverage="0%" />
              </conditions>
            </line>
          </lines>
        </class>
        <class name="AspNetCoreGeneratedDocument.Views_Utilisateur_Connexion/&lt;ExecuteAsync&gt;d__14" filename="CesiNewsBackOfficeMVC\Views\Utilisateur\Connexion.cshtml" line-rate="0" branch-rate="0" complexity="4">
          <methods>
            <method name="MoveNext" signature="()" line-rate="0" branch-rate="0" complexity="4">
              <lines>
                <line number="2" hits="0" branch="False" />
                <line number="12" hits="0" branch="True" condition-coverage="0% (0/2)">
                  <conditions>
                    <condition number="99" type="jump" coverage="0%" />
                  </conditions>
                </line>
                <line number="13" hits="0" branch="False" />
                <line number="17" hits="0" branch="True" condition-coverage="0% (0/2)">
                  <conditions>
                    <condition number="595" type="jump" coverage="0%" />
                  </conditions>
                </line>
              </lines>
            </method>
          </methods>
          <lines>
            <line number="2" hits="0" branch="False" />
            <line number="12" hits="0" branch="True" condition-coverage="0% (0/2)">
              <conditions>
                <condition number="99" type="jump" coverage="0%" />
              </conditions>
            </line>
            <line number="13" hits="0" branch="False" />
            <line number="17" hits="0" branch="True" condition-coverage="0% (0/2)">
              <conditions>
                <condition number="595" type="jump" coverage="0%" />
              </conditions>
            </line>
          </lines>
        </class>
        <class name="AspNetCoreGeneratedDocument.Views_Utilisateur_CreationCompte/&lt;ExecuteAsync&gt;d__14" filename="CesiNewsBackOfficeMVC\Views\Utilisateur\CreationCompte.cshtml" line-rate="0" branch-rate="0" complexity="4">
          <methods>
            <method name="MoveNext" signature="()" line-rate="0" branch-rate="0" complexity="4">
              <lines>
                <line number="4" hits="0" branch="False" />
                <line number="74" hits="0" branch="True" condition-coverage="0% (0/2)">
                  <conditions>
                    <condition number="133" type="jump" coverage="0%" />
                  </conditions>
                </line>
                <line number="75" hits="0" branch="False" />
                <line number="77" hits="0" branch="True" condition-coverage="0% (0/2)">
                  <conditions>
                    <condition number="629" type="jump" coverage="0%" />
                  </conditions>
                </line>
              </lines>
            </method>
          </methods>
          <lines>
            <line number="4" hits="0" branch="False" />
            <line number="74" hits="0" branch="True" condition-coverage="0% (0/2)">
              <conditions>
                <condition number="133" type="jump" coverage="0%" />
              </conditions>
            </line>
            <line number="75" hits="0" branch="False" />
            <line number="77" hits="0" branch="True" condition-coverage="0% (0/2)">
              <conditions>
                <condition number="629" type="jump" coverage="0%" />
              </conditions>
            </line>
          </lines>
        </class>
        <class name="AspNetCoreGeneratedDocument.Views_Utilisateur_ListeUtilisateurs/&lt;ExecuteAsync&gt;d__14" filename="CesiNewsBackOfficeMVC\Views\Utilisateur\ListeUtilisateurs.cshtml" line-rate="0" branch-rate="0" complexity="22">
          <methods>
            <method name="MoveNext" signature="()" line-rate="0" branch-rate="0" complexity="22">
              <lines>
                <line number="4" hits="0" branch="True" condition-coverage="0% (0/2)">
                  <conditions>
                    <condition number="483" type="jump" coverage="0%" />
                  </conditions>
                </line>
                <line number="35" hits="0" branch="True" condition-coverage="0% (0/2)">
                  <conditions>
                    <condition number="2496" type="jump" coverage="0%" />
                  </conditions>
                </line>
                <line number="36" hits="0" branch="True" condition-coverage="0% (0/8)">
                  <conditions>
                    <condition number="1217" type="jump" coverage="0%" />
                    <condition number="1571" type="jump" coverage="0%" />
                    <condition number="1938" type="jump" coverage="0%" />
                    <condition number="2292" type="jump" coverage="0%" />
                  </conditions>
                </line>
                <line number="49" hits="0" branch="False" />
                <line number="56" hits="0" branch="True" condition-coverage="0% (0/2)">
                  <conditions>
                    <condition number="4384" type="jump" coverage="0%" />
                  </conditions>
                </line>
                <line number="57" hits="0" branch="True" condition-coverage="0% (0/8)">
                  <conditions>
                    <condition number="3104" type="jump" coverage="0%" />
                    <condition number="3458" type="jump" coverage="0%" />
                    <condition number="3825" type="jump" coverage="0%" />
                    <condition number="4179" type="jump" coverage="0%" />
                  </conditions>
                </line>
                <line number="73" hits="0" branch="False" />
              </lines>
            </method>
          </methods>
          <lines>
            <line number="4" hits="0" branch="True" condition-coverage="0% (0/2)">
              <conditions>
                <condition number="483" type="jump" coverage="0%" />
              </conditions>
            </line>
            <line number="35" hits="0" branch="True" condition-coverage="0% (0/2)">
              <conditions>
                <condition number="2496" type="jump" coverage="0%" />
              </conditions>
            </line>
            <line number="36" hits="0" branch="True" condition-coverage="0% (0/8)">
              <conditions>
                <condition number="1217" type="jump" coverage="0%" />
                <condition number="1571" type="jump" coverage="0%" />
                <condition number="1938" type="jump" coverage="0%" />
                <condition number="2292" type="jump" coverage="0%" />
              </conditions>
            </line>
            <line number="49" hits="0" branch="False" />
            <line number="56" hits="0" branch="True" condition-coverage="0% (0/2)">
              <conditions>
                <condition number="4384" type="jump" coverage="0%" />
              </conditions>
            </line>
            <line number="57" hits="0" branch="True" condition-coverage="0% (0/8)">
              <conditions>
                <condition number="3104" type="jump" coverage="0%" />
                <condition number="3458" type="jump" coverage="0%" />
                <condition number="3825" type="jump" coverage="0%" />
                <condition number="4179" type="jump" coverage="0%" />
              </conditions>
            </line>
            <line number="73" hits="0" branch="False" />
          </lines>
        </class>
        <class name="AspNetCoreGeneratedDocument.Views_Utilisateur_ModifierCompte/&lt;ExecuteAsync&gt;d__19" filename="CesiNewsBackOfficeMVC\Views\Utilisateur\ModifierCompte.cshtml" line-rate="0" branch-rate="0" complexity="4">
          <methods>
            <method name="MoveNext" signature="()" line-rate="0" branch-rate="0" complexity="4">
              <lines>
                <line number="4" hits="0" branch="False" />
                <line number="15" hits="0" branch="True" condition-coverage="0% (0/2)">
                  <conditions>
                    <condition number="116" type="jump" coverage="0%" />
                  </conditions>
                </line>
                <line number="16" hits="0" branch="False" />
                <line number="18" hits="0" branch="True" condition-coverage="0% (0/2)">
                  <conditions>
                    <condition number="666" type="jump" coverage="0%" />
                  </conditions>
                </line>
              </lines>
            </method>
          </methods>
          <lines>
            <line number="4" hits="0" branch="False" />
            <line number="15" hits="0" branch="True" condition-coverage="0% (0/2)">
              <conditions>
                <condition number="116" type="jump" coverage="0%" />
              </conditions>
            </line>
            <line number="16" hits="0" branch="False" />
            <line number="18" hits="0" branch="True" condition-coverage="0% (0/2)">
              <conditions>
                <condition number="666" type="jump" coverage="0%" />
              </conditions>
            </line>
          </lines>
        </class>
        <class name="AspNetCoreGeneratedDocument.Views_Utilisateur_ModifierMDP/&lt;ExecuteAsync&gt;d__10" filename="CesiNewsBackOfficeMVC\Views\Utilisateur\ModifierMDP.cshtml" line-rate="0" branch-rate="0" complexity="4">
          <methods>
            <method name="MoveNext" signature="()" line-rate="0" branch-rate="0" complexity="4">
              <lines>
                <line number="2" hits="0" branch="False" />
                <line number="13" hits="0" branch="True" condition-coverage="0% (0/2)">
                  <conditions>
                    <condition number="99" type="jump" coverage="0%" />
                  </conditions>
                </line>
                <line number="14" hits="0" branch="False" />
                <line number="16" hits="0" branch="True" condition-coverage="0% (0/2)">
                  <conditions>
                    <condition number="595" type="jump" coverage="0%" />
                  </conditions>
                </line>
              </lines>
            </method>
          </methods>
          <lines>
            <line number="2" hits="0" branch="False" />
            <line number="13" hits="0" branch="True" condition-coverage="0% (0/2)">
              <conditions>
                <condition number="99" type="jump" coverage="0%" />
              </conditions>
            </line>
            <line number="14" hits="0" branch="False" />
            <line number="16" hits="0" branch="True" condition-coverage="0% (0/2)">
              <conditions>
                <condition number="595" type="jump" coverage="0%" />
              </conditions>
            </line>
          </lines>
        </class>
        <class name="AspNetCoreGeneratedDocument.Views__ViewStart/&lt;ExecuteAsync&gt;d__0" filename="CesiNewsBackOfficeMVC\Views\_ViewStart.cshtml" line-rate="0" branch-rate="1" complexity="1">
          <methods>
            <method name="MoveNext" signature="()" line-rate="0" branch-rate="1" complexity="1">
              <lines>
                <line number="2" hits="0" branch="False" />
              </lines>
            </method>
          </methods>
          <lines>
            <line number="2" hits="0" branch="False" />
          </lines>
        </class>
        <class name="AspNetCoreGeneratedDocument.Views_Shared__Layout/&lt;&gt;c__DisplayClass42_0/&lt;&lt;ExecuteAsync&gt;b__1&gt;d" filename="CesiNewsBackOfficeMVC\Views\Shared\_Layout.cshtml" line-rate="0" branch-rate="0" complexity="48">
          <methods>
            <method name="MoveNext" signature="()" line-rate="0" branch-rate="0" complexity="48">
              <lines>
                <line number="73" hits="0" branch="True" condition-coverage="0% (0/14)">
                  <conditions>
                    <condition number="313" type="jump" coverage="0%" />
                    <condition number="806" type="jump" coverage="0%" />
                    <condition number="1071" type="jump" coverage="0%" />
                    <condition number="1530" type="jump" coverage="0%" />
                    <condition number="1795" type="jump" coverage="0%" />
                    <condition number="2254" type="jump" coverage="0%" />
                    <condition number="2513" type="jump" coverage="0%" />
                  </conditions>
                </line>
                <line number="74" hits="0" branch="True" condition-coverage="0% (0/4)">
                  <conditions>
                    <condition number="2591" type="jump" coverage="0%" />
                    <condition number="3050" type="jump" coverage="0%" />
                  </conditions>
                </line>
                <line number="78" hits="0" branch="False" />
                <line number="81" hits="0" branch="True" condition-coverage="0% (0/2)">
                  <conditions>
                    <condition number="3332" type="jump" coverage="0%" />
                  </conditions>
                </line>
                <line number="82" hits="0" branch="True" condition-coverage="0% (0/8)">
                  <conditions>
                    <condition number="3410" type="jump" coverage="0%" />
                    <condition number="3869" type="jump" coverage="0%" />
                    <condition number="4135" type="jump" coverage="0%" />
                    <condition number="4568" type="jump" coverage="0%" />
                  </conditions>
                </line>
                <line number="89" hits="0" branch="False" />
                <line number="91" hits="0" branch="True" condition-coverage="0% (0/4)">
                  <conditions>
                    <condition number="4863" type="jump" coverage="0%" />
                    <condition number="5323" type="jump" coverage="0%" />
                  </conditions>
                </line>
                <line number="95" hits="0" branch="False" />
                <line number="98" hits="0" branch="True" condition-coverage="0% (0/2)">
                  <conditions>
                    <condition number="5587" type="jump" coverage="0%" />
                  </conditions>
                </line>
                <line number="99" hits="0" branch="True" condition-coverage="0% (0/8)">
                  <conditions>
                    <condition number="5665" type="jump" coverage="0%" />
                    <condition number="6125" type="jump" coverage="0%" />
                    <condition number="6391" type="jump" coverage="0%" />
                    <condition number="6851" type="jump" coverage="0%" />
                  </conditions>
                </line>
                <line number="106" hits="0" branch="True" condition-coverage="0% (0/6)">
                  <conditions>
                    <condition number="7485" type="jump" coverage="0%" />
                    <condition number="8041" type="jump" coverage="0%" />
                    <condition number="8786" type="jump" coverage="0%" />
                  </conditions>
                </line>
              </lines>
            </method>
          </methods>
          <lines>
            <line number="73" hits="0" branch="True" condition-coverage="0% (0/14)">
              <conditions>
                <condition number="313" type="jump" coverage="0%" />
                <condition number="806" type="jump" coverage="0%" />
                <condition number="1071" type="jump" coverage="0%" />
                <condition number="1530" type="jump" coverage="0%" />
                <condition number="1795" type="jump" coverage="0%" />
                <condition number="2254" type="jump" coverage="0%" />
                <condition number="2513" type="jump" coverage="0%" />
              </conditions>
            </line>
            <line number="74" hits="0" branch="True" condition-coverage="0% (0/4)">
              <conditions>
                <condition number="2591" type="jump" coverage="0%" />
                <condition number="3050" type="jump" coverage="0%" />
              </conditions>
            </line>
            <line number="78" hits="0" branch="False" />
            <line number="81" hits="0" branch="True" condition-coverage="0% (0/2)">
              <conditions>
                <condition number="3332" type="jump" coverage="0%" />
              </conditions>
            </line>
            <line number="82" hits="0" branch="True" condition-coverage="0% (0/8)">
              <conditions>
                <condition number="3410" type="jump" coverage="0%" />
                <condition number="3869" type="jump" coverage="0%" />
                <condition number="4135" type="jump" coverage="0%" />
                <condition number="4568" type="jump" coverage="0%" />
              </conditions>
            </line>
            <line number="89" hits="0" branch="False" />
            <line number="91" hits="0" branch="True" condition-coverage="0% (0/4)">
              <conditions>
                <condition number="4863" type="jump" coverage="0%" />
                <condition number="5323" type="jump" coverage="0%" />
              </conditions>
            </line>
            <line number="95" hits="0" branch="False" />
            <line number="98" hits="0" branch="True" condition-coverage="0% (0/2)">
              <conditions>
                <condition number="5587" type="jump" coverage="0%" />
              </conditions>
            </line>
            <line number="99" hits="0" branch="True" condition-coverage="0% (0/8)">
              <conditions>
                <condition number="5665" type="jump" coverage="0%" />
                <condition number="6125" type="jump" coverage="0%" />
                <condition number="6391" type="jump" coverage="0%" />
                <condition number="6851" type="jump" coverage="0%" />
              </conditions>
            </line>
            <line number="106" hits="0" branch="True" condition-coverage="0% (0/6)">
              <conditions>
                <condition number="7485" type="jump" coverage="0%" />
                <condition number="8041" type="jump" coverage="0%" />
                <condition number="8786" type="jump" coverage="0%" />
              </conditions>
            </line>
          </lines>
        </class>
        <class name="AspNetCoreGeneratedDocument.Views_Shared__Layout/&lt;ExecuteAsync&gt;d__42" filename="CesiNewsBackOfficeMVC\Views\Shared\_Layout.cshtml" line-rate="0" branch-rate="0" complexity="4">
          <methods>
            <method name="MoveNext" signature="()" line-rate="0" branch-rate="0" complexity="4">
              <lines>
                <line number="4" hits="0" branch="True" condition-coverage="0% (0/4)">
                  <conditions>
                    <condition number="382" type="jump" coverage="0%" />
                    <condition number="820" type="jump" coverage="0%" />
                  </conditions>
                </line>
              </lines>
            </method>
          </methods>
          <lines>
            <line number="4" hits="0" branch="True" condition-coverage="0% (0/4)">
              <conditions>
                <condition number="382" type="jump" coverage="0%" />
                <condition number="820" type="jump" coverage="0%" />
              </conditions>
            </line>
          </lines>
        </class>
        <class name="CesiNewsBackOfficeMVC.Controllers.EmotionController" filename="CesiNewsBackOfficeMVC\Controllers\EmotionController.cs" line-rate="0" branch-rate="1" complexity="2">
          <methods>
            <method name="AjouterEmotion" signature="()" line-rate="0" branch-rate="1" complexity="1">
              <lines>
                <line number="41" hits="0" branch="False" />
              </lines>
            </method>
            <method name=".ctor" signature="(CESIZenModel.Context.NewsDbContext)" line-rate="0" branch-rate="1" complexity="1">
              <lines>
                <line number="16" hits="0" branch="False" />
                <line number="17" hits="0" branch="False" />
                <line number="18" hits="0" branch="False" />
                <line number="19" hits="0" branch="False" />
              </lines>
            </method>
          </methods>
          <lines>
            <line number="41" hits="0" branch="False" />
            <line number="16" hits="0" branch="False" />
            <line number="17" hits="0" branch="False" />
            <line number="18" hits="0" branch="False" />
            <line number="19" hits="0" branch="False" />
          </lines>
        </class>
        <class name="CesiNewsBackOfficeMVC.Controllers.EmotionController/&lt;AjouterEmotion&gt;d__5" filename="CesiNewsBackOfficeMVC\Controllers\EmotionController.cs" line-rate="0" branch-rate="0" complexity="2">
          <methods>
            <method name="MoveNext" signature="()" line-rate="0" branch-rate="0" complexity="2">
              <lines>
                <line number="45" hits="0" branch="False" />
                <line number="46" hits="0" branch="True" condition-coverage="0% (0/2)">
                  <conditions>
                    <condition number="33" type="jump" coverage="0%" />
                  </conditions>
                </line>
                <line number="47" hits="0" branch="False" />
                <line number="48" hits="0" branch="False" />
                <line number="49" hits="0" branch="False" />
                <line number="50" hits="0" branch="False" />
                <line number="52" hits="0" branch="False" />
                <line number="53" hits="0" branch="False" />
              </lines>
            </method>
          </methods>
          <lines>
            <line number="45" hits="0" branch="False" />
            <line number="46" hits="0" branch="True" condition-coverage="0% (0/2)">
              <conditions>
                <condition number="33" type="jump" coverage="0%" />
              </conditions>
            </line>
            <line number="47" hits="0" branch="False" />
            <line number="48" hits="0" branch="False" />
            <line number="49" hits="0" branch="False" />
            <line number="50" hits="0" branch="False" />
            <line number="52" hits="0" branch="False" />
            <line number="53" hits="0" branch="False" />
          </lines>
        </class>
        <class name="CesiNewsBackOfficeMVC.Controllers.EmotionController/&lt;Details&gt;d__3" filename="CesiNewsBackOfficeMVC\Controllers\EmotionController.cs" line-rate="0" branch-rate="0" complexity="4">
          <methods>
            <method name="MoveNext" signature="()" line-rate="0" branch-rate="0" complexity="4">
              <lines>
                <line number="35" hits="0" branch="False" />
                <line number="36" hits="0" branch="True" condition-coverage="0% (0/2)">
                  <conditions>
                    <condition number="34" type="jump" coverage="0%" />
                  </conditions>
                </line>
                <line number="37" hits="0" branch="False" />
                <line number="38" hits="0" branch="True" condition-coverage="0% (0/2)">
                  <conditions>
                    <condition number="219" type="jump" coverage="0%" />
                  </conditions>
                </line>
                <line number="39" hits="0" branch="False" />
              </lines>
            </method>
          </methods>
          <lines>
            <line number="35" hits="0" branch="False" />
            <line number="36" hits="0" branch="True" condition-coverage="0% (0/2)">
              <conditions>
                <condition number="34" type="jump" coverage="0%" />
              </conditions>
            </line>
            <line number="37" hits="0" branch="False" />
            <line number="38" hits="0" branch="True" condition-coverage="0% (0/2)">
              <conditions>
                <condition number="219" type="jump" coverage="0%" />
              </conditions>
            </line>
            <line number="39" hits="0" branch="False" />
          </lines>
        </class>
        <class name="CesiNewsBackOfficeMVC.Controllers.EmotionController/&lt;ListeEmotion&gt;d__2" filename="CesiNewsBackOfficeMVC\Controllers\EmotionController.cs" line-rate="0" branch-rate="0" complexity="2">
          <methods>
            <method name="MoveNext" signature="()" line-rate="0" branch-rate="0" complexity="2">
              <lines>
                <line number="22" hits="0" branch="False" />
                <line number="23" hits="0" branch="False" />
                <line number="25" hits="0" branch="True" condition-coverage="0% (0/2)">
                  <conditions>
                    <condition number="68" type="jump" coverage="0%" />
                  </conditions>
                </line>
                <line number="27" hits="0" branch="False" />
                <line number="29" hits="0" branch="False" />
                <line number="30" hits="0" branch="False" />
                <line number="31" hits="0" branch="False" />
              </lines>
            </method>
          </methods>
          <lines>
            <line number="22" hits="0" branch="False" />
            <line number="23" hits="0" branch="False" />
            <line number="25" hits="0" branch="True" condition-coverage="0% (0/2)">
              <conditions>
                <condition number="68" type="jump" coverage="0%" />
              </conditions>
            </line>
            <line number="27" hits="0" branch="False" />
            <line number="29" hits="0" branch="False" />
            <line number="30" hits="0" branch="False" />
            <line number="31" hits="0" branch="False" />
          </lines>
        </class>
        <class name="CesiNewsBackOfficeMVC.Controllers.EmotionController/&lt;ModifierEmotion&gt;d__6" filename="CesiNewsBackOfficeMVC\Controllers\EmotionController.cs" line-rate="0" branch-rate="0" complexity="4">
          <methods>
            <method name="MoveNext" signature="()" line-rate="0" branch-rate="0" complexity="4">
              <lines>
                <line number="56" hits="0" branch="False" />
                <line number="57" hits="0" branch="True" condition-coverage="0% (0/2)">
                  <conditions>
                    <condition number="34" type="jump" coverage="0%" />
                  </conditions>
                </line>
                <line number="58" hits="0" branch="False" />
                <line number="59" hits="0" branch="True" condition-coverage="0% (0/2)">
                  <conditions>
                    <condition number="219" type="jump" coverage="0%" />
                  </conditions>
                </line>
                <line number="60" hits="0" branch="False" />
              </lines>
            </method>
          </methods>
          <lines>
            <line number="56" hits="0" branch="False" />
            <line number="57" hits="0" branch="True" condition-coverage="0% (0/2)">
              <conditions>
                <condition number="34" type="jump" coverage="0%" />
              </conditions>
            </line>
            <line number="58" hits="0" branch="False" />
            <line number="59" hits="0" branch="True" condition-coverage="0% (0/2)">
              <conditions>
                <condition number="219" type="jump" coverage="0%" />
              </conditions>
            </line>
            <line number="60" hits="0" branch="False" />
          </lines>
        </class>
        <class name="CesiNewsBackOfficeMVC.Controllers.EmotionController/&lt;ModifierEmotion&gt;d__7" filename="CesiNewsBackOfficeMVC\Controllers\EmotionController.cs" line-rate="0" branch-rate="0" complexity="4">
          <methods>
            <method name="MoveNext" signature="()" line-rate="0" branch-rate="0" complexity="4">
              <lines>
                <line number="64" hits="0" branch="False" />
                <line number="65" hits="0" branch="True" condition-coverage="0% (0/2)">
                  <conditions>
                    <condition number="42" type="jump" coverage="0%" />
                  </conditions>
                </line>
                <line number="66" hits="0" branch="True" condition-coverage="0% (0/2)">
                  <conditions>
                    <condition number="79" type="jump" coverage="0%" />
                  </conditions>
                </line>
                <line number="67" hits="0" branch="False" />
                <line number="68" hits="0" branch="False" />
                <line number="69" hits="0" branch="False" />
                <line number="70" hits="0" branch="False" />
                <line number="72" hits="0" branch="False" />
                <line number="73" hits="0" branch="False" />
              </lines>
            </method>
          </methods>
          <lines>
            <line number="64" hits="0" branch="False" />
            <line number="65" hits="0" branch="True" condition-coverage="0% (0/2)">
              <conditions>
                <condition number="42" type="jump" coverage="0%" />
              </conditions>
            </line>
            <line number="66" hits="0" branch="True" condition-coverage="0% (0/2)">
              <conditions>
                <condition number="79" type="jump" coverage="0%" />
              </conditions>
            </line>
            <line number="67" hits="0" branch="False" />
            <line number="68" hits="0" branch="False" />
            <line number="69" hits="0" branch="False" />
            <line number="70" hits="0" branch="False" />
            <line number="72" hits="0" branch="False" />
            <line number="73" hits="0" branch="False" />
          </lines>
        </class>
        <class name="CesiNewsBackOfficeMVC.Controllers.EmotionController/&lt;SupprimerEmotion&gt;d__8" filename="CesiNewsBackOfficeMVC\Controllers\EmotionController.cs" line-rate="0" branch-rate="0" complexity="4">
          <methods>
            <method name="MoveNext" signature="()" line-rate="0" branch-rate="0" complexity="4">
              <lines>
                <line number="76" hits="0" branch="False" />
                <line number="77" hits="0" branch="False" />
                <line number="78" hits="0" branch="True" condition-coverage="0% (0/2)">
                  <conditions>
                    <condition number="248" type="jump" coverage="0%" />
                  </conditions>
                </line>
                <line number="79" hits="0" branch="False" />
                <line number="80" hits="0" branch="False" />
                <line number="84" hits="0" branch="False" />
                <line number="85" hits="0" branch="True" condition-coverage="0% (0/2)">
                  <conditions>
                    <condition number="536" type="jump" coverage="0%" />
                  </conditions>
                </line>
                <line number="86" hits="0" branch="False" />
                <line number="87" hits="0" branch="False" />
                <line number="88" hits="0" branch="False" />
                <line number="91" hits="0" branch="False" />
                <line number="92" hits="0" branch="False" />
                <line number="94" hits="0" branch="False" />
                <line number="95" hits="0" branch="False" />
                <line number="96" hits="0" branch="False" />
              </lines>
            </method>
          </methods>
          <lines>
            <line number="76" hits="0" branch="False" />
            <line number="77" hits="0" branch="False" />
            <line number="78" hits="0" branch="True" condition-coverage="0% (0/2)">
              <conditions>
                <condition number="248" type="jump" coverage="0%" />
              </conditions>
            </line>
            <line number="79" hits="0" branch="False" />
            <line number="80" hits="0" branch="False" />
            <line number="84" hits="0" branch="False" />
            <line number="85" hits="0" branch="True" condition-coverage="0% (0/2)">
              <conditions>
                <condition number="536" type="jump" coverage="0%" />
              </conditions>
            </line>
            <line number="86" hits="0" branch="False" />
            <line number="87" hits="0" branch="False" />
            <line number="88" hits="0" branch="False" />
            <line number="91" hits="0" branch="False" />
            <line number="92" hits="0" branch="False" />
            <line number="94" hits="0" branch="False" />
            <line number="95" hits="0" branch="False" />
            <line number="96" hits="0" branch="False" />
          </lines>
        </class>
        <class name="CesiNewsBackOfficeMVC.Controllers.HomeController" filename="CesiNewsBackOfficeMVC\Controllers\HomeController.cs" line-rate="0" branch-rate="0" complexity="7">
          <methods>
            <method name="Index" signature="()" line-rate="0" branch-rate="1" complexity="1">
              <lines>
                <line number="17" hits="0" branch="False" />
                <line number="18" hits="0" branch="False" />
                <line number="19" hits="0" branch="False" />
              </lines>
            </method>
            <method name="Privacy" signature="()" line-rate="0" branch-rate="1" complexity="1">
              <lines>
                <line number="22" hits="0" branch="False" />
                <line number="23" hits="0" branch="False" />
                <line number="24" hits="0" branch="False" />
              </lines>
            </method>
            <method name="Error" signature="()" line-rate="0" branch-rate="0" complexity="4">
              <lines>
                <line number="28" hits="0" branch="False" />
                <line number="29" hits="0" branch="True" condition-coverage="0% (0/4)">
                  <conditions>
                    <condition number="14" type="jump" coverage="0%" />
                    <condition number="26" type="jump" coverage="0%" />
                  </conditions>
                </line>
                <line number="30" hits="0" branch="False" />
              </lines>
            </method>
            <method name=".ctor" signature="(Microsoft.Extensions.Logging.ILogger`1&lt;CesiNewsBackOfficeMVC.Controllers.HomeController&gt;)" line-rate="0" branch-rate="1" complexity="1">
              <lines>
                <line number="11" hits="0" branch="False" />
                <line number="12" hits="0" branch="False" />
                <line number="13" hits="0" branch="False" />
                <line number="14" hits="0" branch="False" />
              </lines>
            </method>
          </methods>
          <lines>
            <line number="17" hits="0" branch="False" />
            <line number="18" hits="0" branch="False" />
            <line number="19" hits="0" branch="False" />
            <line number="22" hits="0" branch="False" />
            <line number="23" hits="0" branch="False" />
            <line number="24" hits="0" branch="False" />
            <line number="28" hits="0" branch="False" />
            <line number="29" hits="0" branch="True" condition-coverage="0% (0/4)">
              <conditions>
                <condition number="14" type="jump" coverage="0%" />
                <condition number="26" type="jump" coverage="0%" />
              </conditions>
            </line>
            <line number="30" hits="0" branch="False" />
            <line number="11" hits="0" branch="False" />
            <line number="12" hits="0" branch="False" />
            <line number="13" hits="0" branch="False" />
            <line number="14" hits="0" branch="False" />
          </lines>
        </class>
        <class name="CESIZenBackOfficeMVC.Helpers.SecurityHelper" filename="CesiNewsBackOfficeMVC\Utils\SecurityHelper.cs" line-rate="0" branch-rate="1" complexity="1">
          <methods>
            <method name="HashPassword" signature="(System.String)" line-rate="0" branch-rate="1" complexity="1">
              <lines>
                <line number="8" hits="0" branch="False" />
                <line number="9" hits="0" branch="False" />
                <line number="10" hits="0" branch="False" />
                <line number="11" hits="0" branch="False" />
                <line number="12" hits="0" branch="False" />
                <line number="13" hits="0" branch="False" />
                <line number="15" hits="0" branch="False" />
              </lines>
            </method>
          </methods>
          <lines>
            <line number="8" hits="0" branch="False" />
            <line number="9" hits="0" branch="False" />
            <line number="10" hits="0" branch="False" />
            <line number="11" hits="0" branch="False" />
            <line number="12" hits="0" branch="False" />
            <line number="13" hits="0" branch="False" />
            <line number="15" hits="0" branch="False" />
          </lines>
        </class>
        <class name="CESIZenBackOfficeMVC.Models.ErrorViewModel" filename="CesiNewsBackOfficeMVC\Models\ErrorViewModel.cs" line-rate="1" branch-rate="1" complexity="2">
          <methods>
            <method name="get_RequestId" signature="()" line-rate="1" branch-rate="1" complexity="1">
              <lines>
                <line number="5" hits="6" branch="False" />
              </lines>
            </method>
            <method name="get_ShowRequestId" signature="()" line-rate="1" branch-rate="1" complexity="1">
              <lines>
                <line number="7" hits="3" branch="False" />
              </lines>
            </method>
          </methods>
          <lines>
            <line number="5" hits="6" branch="False" />
            <line number="7" hits="3" branch="False" />
          </lines>
        </class>
        <class name="CESIZenBackOfficeMVC.Controllers.ContenuController" filename="CesiNewsBackOfficeMVC\Controllers\ContenuController.cs" line-rate="0" branch-rate="1" complexity="1">
          <methods>
            <method name="Contenu" signature="()" line-rate="0" branch-rate="1" complexity="1">
              <lines>
                <line number="12" hits="0" branch="False" />
                <line number="13" hits="0" branch="False" />
                <line number="14" hits="0" branch="False" />
              </lines>
            </method>
          </methods>
          <lines>
            <line number="12" hits="0" branch="False" />
            <line number="13" hits="0" branch="False" />
            <line number="14" hits="0" branch="False" />
          </lines>
        </class>
        <class name="CESIZenBackOfficeMVC.Controllers.RapportEmotionController" filename="CesiNewsBackOfficeMVC\Controllers\RapportEmotionController.cs" line-rate="0.5714" branch-rate="1" complexity="2">
          <methods>
            <method name="GenererRapport" signature="()" line-rate="0" branch-rate="1" complexity="1">
              <lines>
                <line number="20" hits="0" branch="False" />
                <line number="21" hits="0" branch="False" />
                <line number="22" hits="0" branch="False" />
              </lines>
            </method>
            <method name=".ctor" signature="(CESIZenModel.Context.NewsDbContext)" line-rate="1" branch-rate="1" complexity="1">
              <lines>
                <line number="13" hits="4" branch="False" />
                <line number="14" hits="4" branch="False" />
                <line number="15" hits="4" branch="False" />
                <line number="16" hits="4" branch="False" />
              </lines>
            </method>
          </methods>
          <lines>
            <line number="20" hits="0" branch="False" />
            <line number="21" hits="0" branch="False" />
            <line number="22" hits="0" branch="False" />
            <line number="13" hits="4" branch="False" />
            <line number="14" hits="4" branch="False" />
            <line number="15" hits="4" branch="False" />
            <line number="16" hits="4" branch="False" />
          </lines>
        </class>
        <class name="CESIZenBackOfficeMVC.Controllers.RapportEmotionController/&lt;&gt;c" filename="CesiNewsBackOfficeMVC\Controllers\RapportEmotionController.cs" line-rate="1" branch-rate="1" complexity="7">
          <methods>
            <method name="&lt;GenererRapport&gt;b__3_0" signature="(CESIZenModel.Entities.Tracker)" line-rate="1" branch-rate="1" complexity="1">
              <lines>
                <line number="50" hits="6" branch="False" />
              </lines>
            </method>
            <method name="&lt;GenererRapport&gt;b__3_1" signature="(CESIZenModel.Entities.Tracker)" line-rate="1" branch-rate="1" complexity="1">
              <lines>
                <line number="54" hits="4" branch="False" />
              </lines>
            </method>
            <method name="&lt;GenererRapport&gt;b__3_2" signature="(System.Linq.IGrouping`2&lt;System.String,CESIZenModel.Entities.Tracker&gt;)" line-rate="1" branch-rate="1" complexity="1">
              <lines>
                <line number="55" hits="3" branch="False" />
              </lines>
            </method>
            <method name="&lt;GenererRapport&gt;b__3_3" signature="(CESIZenModel.Entities.Tracker)" line-rate="1" branch-rate="1" complexity="1">
              <lines>
                <line number="59" hits="4" branch="False" />
              </lines>
            </method>
            <method name="&lt;GenererRapport&gt;b__3_4" signature="(System.Linq.IGrouping`2&lt;System.String,CESIZenModel.Entities.Tracker&gt;)" line-rate="1" branch-rate="1" complexity="1">
              <lines>
                <line number="60" hits="3" branch="False" />
              </lines>
            </method>
            <method name="&lt;GenererRapport&gt;b__3_5" signature="(CESIZenModel.Entities.Tracker)" line-rate="1" branch-rate="1" complexity="1">
              <lines>
                <line number="64" hits="4" branch="False" />
              </lines>
            </method>
            <method name="&lt;GenererRapport&gt;b__3_6" signature="(System.Linq.IGrouping`2&lt;System.String,CESIZenModel.Entities.Tracker&gt;)" line-rate="1" branch-rate="1" complexity="1">
              <lines>
                <line number="65" hits="3" branch="False" />
              </lines>
            </method>
          </methods>
          <lines>
            <line number="50" hits="6" branch="False" />
            <line number="54" hits="4" branch="False" />
            <line number="55" hits="3" branch="False" />
            <line number="59" hits="4" branch="False" />
            <line number="60" hits="3" branch="False" />
            <line number="64" hits="4" branch="False" />
            <line number="65" hits="3" branch="False" />
          </lines>
        </class>
        <class name="CESIZenBackOfficeMVC.Controllers.RapportEmotionController/&lt;GenererRapport&gt;d__3" filename="CesiNewsBackOfficeMVC\Controllers\RapportEmotionController.cs" line-rate="1" branch-rate="1" complexity="6">
          <methods>
            <method name="MoveNext" signature="()" line-rate="1" branch-rate="1" complexity="6">
              <lines>
                <line number="27" hits="4" branch="False" />
                <line number="28" hits="4" branch="False" />
                <line number="29" hits="4" branch="True" condition-coverage="100% (2/2)">
                  <conditions>
                    <condition number="146" type="jump" coverage="100%" />
                  </conditions>
                </line>
                <line number="30" hits="1" branch="False" />
                <line number="33" hits="3" branch="False" />
                <line number="34" hits="3" branch="False" />
                <line number="36" hits="3" branch="False" />
                <line number="37" hits="3" branch="False" />
                <line number="38" hits="3" branch="False" />
                <line number="39" hits="3" branch="False" />
                <line number="40" hits="3" branch="False" />
                <line number="42" hits="3" branch="True" condition-coverage="100% (2/2)">
                  <conditions>
                    <condition number="777" type="jump" coverage="100%" />
                  </conditions>
                </line>
                <line number="43" hits="1" branch="False" />
                <line number="44" hits="1" branch="False" />
                <line number="45" hits="1" branch="False" />
                <line number="49" hits="2" branch="False" />
                <line number="53" hits="2" branch="False" />
                <line number="56" hits="2" branch="False" />
                <line number="58" hits="2" branch="False" />
                <line number="61" hits="2" branch="False" />
                <line number="63" hits="2" branch="False" />
                <line number="66" hits="2" branch="False" />
                <line number="69" hits="2" branch="False" />
                <line number="70" hits="2" branch="False" />
                <line number="71" hits="2" branch="False" />
                <line number="72" hits="2" branch="False" />
                <line number="73" hits="2" branch="False" />
                <line number="74" hits="2" branch="False" />
[...]
            <line number="176" hits="0" branch="False" />
            <line number="177" hits="0" branch="False" />
            <line number="178" hits="0" branch="False" />
            <line number="179" hits="0" branch="False" />
            <line number="180" hits="0" branch="False" />
            <line number="181" hits="0" branch="False" />
            <line number="182" hits="0" branch="False" />
            <line number="183" hits="0" branch="False" />
            <line number="184" hits="0" branch="False" />
            <line number="185" hits="0" branch="False" />
            <line number="186" hits="0" branch="False" />
            <line number="187" hits="0" branch="False" />
            <line number="188" hits="0" branch="False" />
            <line number="189" hits="0" branch="False" />
            <line number="190" hits="0" branch="False" />
            <line number="191" hits="0" branch="False" />
            <line number="192" hits="0" branch="False" />
            <line number="193" hits="0" branch="False" />
            <line number="194" hits="0" branch="False" />
            <line number="195" hits="0" branch="False" />
            <line number="196" hits="0" branch="False" />
            <line number="197" hits="0" branch="False" />
            <line number="199" hits="0" branch="False" />
            <line number="200" hits="0" branch="False" />
            <line number="201" hits="0" branch="False" />
            <line number="202" hits="0" branch="False" />
            <line number="203" hits="0" branch="False" />
            <line number="204" hits="0" branch="False" />
            <line number="205" hits="0" branch="False" />
            <line number="206" hits="0" branch="False" />
            <line number="207" hits="0" branch="False" />
            <line number="208" hits="0" branch="False" />
            <line number="209" hits="0" branch="False" />
            <line number="210" hits="0" branch="False" />
            <line number="211" hits="0" branch="False" />
            <line number="212" hits="0" branch="False" />
            <line number="213" hits="0" branch="False" />
            <line number="214" hits="0" branch="False" />
            <line number="216" hits="0" branch="False" />
            <line number="217" hits="0" branch="False" />
            <line number="218" hits="0" branch="False" />
            <line number="219" hits="0" branch="False" />
            <line number="220" hits="0" branch="False" />
            <line number="221" hits="0" branch="False" />
            <line number="222" hits="0" branch="False" />
            <line number="223" hits="0" branch="False" />
            <line number="224" hits="0" branch="False" />
            <line number="225" hits="0" branch="False" />
            <line number="226" hits="0" branch="False" />
            <line number="227" hits="0" branch="False" />
            <line number="228" hits="0" branch="False" />
            <line number="229" hits="0" branch="False" />
            <line number="230" hits="0" branch="False" />
            <line number="231" hits="0" branch="False" />
            <line number="232" hits="0" branch="False" />
            <line number="233" hits="0" branch="False" />
            <line number="235" hits="0" branch="False" />
            <line number="236" hits="0" branch="False" />
            <line number="237" hits="0" branch="False" />
            <line number="238" hits="0" branch="False" />
            <line number="240" hits="0" branch="False" />
            <line number="241" hits="0" branch="False" />
            <line number="242" hits="0" branch="False" />
            <line number="243" hits="0" branch="False" />
            <line number="245" hits="0" branch="False" />
            <line number="246" hits="0" branch="False" />
            <line number="247" hits="0" branch="False" />
            <line number="248" hits="0" branch="False" />
            <line number="250" hits="0" branch="False" />
            <line number="251" hits="0" branch="False" />
            <line number="252" hits="0" branch="False" />
            <line number="253" hits="0" branch="False" />
            <line number="255" hits="0" branch="False" />
          </lines>
        </class>
        <class name="CESIZenModel.Entities.Emotion" filename="CesiNewsModel\Entities\Emotion.cs" line-rate="0" branch-rate="1" complexity="5">
          <methods>
            <method name="get_Id" signature="()" line-rate="0" branch-rate="1" complexity="1">
              <lines>
                <line number="9" hits="0" branch="False" />
              </lines>
            </method>
            <method name="get_Description" signature="()" line-rate="0" branch-rate="1" complexity="1">
              <lines>
                <line number="12" hits="0" branch="False" />
              </lines>
            </method>
            <method name="get_Nom_Emotion_Niveau1" signature="()" line-rate="0" branch-rate="1" complexity="1">
              <lines>
                <line number="14" hits="0" branch="False" />
              </lines>
            </method>
            <method name="get_Nom_Emotion_Niveau2" signature="()" line-rate="0" branch-rate="1" complexity="1">
              <lines>
                <line number="17" hits="0" branch="False" />
              </lines>
            </method>
            <method name="get_Trackers" signature="()" line-rate="0" branch-rate="1" complexity="1">
              <lines>
                <line number="21" hits="0" branch="False" />
              </lines>
            </method>
          </methods>
          <lines>
            <line number="9" hits="0" branch="False" />
            <line number="12" hits="0" branch="False" />
            <line number="14" hits="0" branch="False" />
            <line number="17" hits="0" branch="False" />
            <line number="21" hits="0" branch="False" />
          </lines>
        </class>
        <class name="CESIZenModel.Entities.RapportEmotion" filename="CesiNewsModel\Entities\RapportEmotion.cs" line-rate="0.8" branch-rate="1" complexity="10">
          <methods>
            <method name="get_Id" signature="()" line-rate="0" branch-rate="1" complexity="1">
              <lines>
                <line number="12" hits="0" branch="False" />
              </lines>
            </method>
            <method name="get_Date_Debut" signature="()" line-rate="1" branch-rate="1" complexity="1">
              <lines>
                <line number="13" hits="2" branch="False" />
              </lines>
            </method>
            <method name="get_Date_Fin" signature="()" line-rate="1" branch-rate="1" complexity="1">
              <lines>
                <line number="14" hits="2" branch="False" />
              </lines>
            </method>
            <method name="get_Emotion_Predominante_Niv1" signature="()" line-rate="1" branch-rate="1" complexity="1">
              <lines>
                <line number="16" hits="4" branch="False" />
              </lines>
            </method>
            <method name="get_Emotion_Predominante_Niv2" signature="()" line-rate="1" branch-rate="1" complexity="1">
              <lines>
                <line number="17" hits="3" branch="False" />
              </lines>
            </method>
            <method name="get_Emotion_Moins_Frequente" signature="()" line-rate="1" branch-rate="1" complexity="1">
              <lines>
                <line number="18" hits="3" branch="False" />
              </lines>
            </method>
            <method name="get_Moyenne_Intensite" signature="()" line-rate="1" branch-rate="1" complexity="1">
              <lines>
                <line number="20" hits="2" branch="False" />
              </lines>
            </method>
            <method name="get_Total_Tracker" signature="()" line-rate="1" branch-rate="1" complexity="1">
              <lines>
                <line number="21" hits="3" branch="False" />
              </lines>
            </method>
            <method name="get_Date_Generation" signature="()" line-rate="1" branch-rate="1" complexity="1">
              <lines>
                <line number="23" hits="2" branch="False" />
              </lines>
            </method>
            <method name="get_TrackerRapports" signature="()" line-rate="0" branch-rate="1" complexity="1">
              <lines>
                <line number="26" hits="0" branch="False" />
              </lines>
            </method>
          </methods>
          <lines>
            <line number="12" hits="0" branch="False" />
            <line number="13" hits="2" branch="False" />
            <line number="14" hits="2" branch="False" />
            <line number="16" hits="4" branch="False" />
            <line number="17" hits="3" branch="False" />
            <line number="18" hits="3" branch="False" />
            <line number="20" hits="2" branch="False" />
            <line number="21" hits="3" branch="False" />
            <line number="23" hits="2" branch="False" />
            <line number="26" hits="0" branch="False" />
          </lines>
        </class>
        <class name="CESIZenModel.Entities.Tracker" filename="CesiNewsModel\Entities\Tracker.cs" line-rate="0.5384" branch-rate="1" complexity="13">
          <methods>
            <method name="get_Id" signature="()" line-rate="1" branch-rate="1" complexity="1">
              <lines>
                <line number="10" hits="4" branch="False" />
              </lines>
            </method>
            <method name="get_Date_Creation" signature="()" line-rate="1" branch-rate="1" complexity="1">
              <lines>
                <line number="11" hits="4" branch="False" />
              </lines>
            </method>
            <method name="get_Titre" signature="()" line-rate="1" branch-rate="1" complexity="1">
              <lines>
                <line number="12" hits="4" branch="False" />
              </lines>
            </method>
            <method name="get_Description" signature="()" line-rate="0" branch-rate="1" complexity="1">
              <lines>
                <line number="15" hits="0" branch="False" />
              </lines>
            </method>
            <method name="get_Emotion_Niveau1" signature="()" line-rate="1" branch-rate="1" complexity="1">
              <lines>
                <line number="16" hits="8" branch="False" />
              </lines>
            </method>
            <method name="get_Emotion_Niveau2" signature="()" line-rate="1" branch-rate="1" complexity="1">
              <lines>
                <line number="17" hits="12" branch="False" />
              </lines>
            </method>
            <method name="get_Commentaire" signature="()" line-rate="0" branch-rate="1" complexity="1">
              <lines>
                <line number="20" hits="0" branch="False" />
              </lines>
            </method>
            <method name="get_Note_Intensite" signature="()" line-rate="1" branch-rate="1" complexity="1">
              <lines>
                <line number="21" hits="8" branch="False" />
              </lines>
            </method>
            <method name="get_UtilisateurId" signature="()" line-rate="1" branch-rate="1" complexity="1">
              <lines>
                <line number="24" hits="4" branch="False" />
              </lines>
            </method>
            <method name="get_Utilisateur" signature="()" line-rate="0" branch-rate="1" complexity="1">
              <lines>
                <line number="27" hits="0" branch="False" />
              </lines>
            </method>
            <method name="get_TrackerRapports" signature="()" line-rate="0" branch-rate="1" complexity="1">
              <lines>
                <line number="30" hits="0" branch="False" />
              </lines>
            </method>
            <method name="get_EmotionId" signature="()" line-rate="0" branch-rate="1" complexity="1">
              <lines>
                <line number="33" hits="0" branch="False" />
              </lines>
            </method>
            <method name="get_Emotion" signature="()" line-rate="0" branch-rate="1" complexity="1">
              <lines>
                <line number="36" hits="0" branch="False" />
              </lines>
            </method>
          </methods>
          <lines>
            <line number="10" hits="4" branch="False" />
            <line number="11" hits="4" branch="False" />
            <line number="12" hits="4" branch="False" />
            <line number="15" hits="0" branch="False" />
            <line number="16" hits="8" branch="False" />
            <line number="17" hits="12" branch="False" />
            <line number="20" hits="0" branch="False" />
            <line number="21" hits="8" branch="False" />
            <line number="24" hits="4" branch="False" />
            <line number="27" hits="0" branch="False" />
            <line number="30" hits="0" branch="False" />
            <line number="33" hits="0" branch="False" />
            <line number="36" hits="0" branch="False" />
          </lines>
        </class>
        <class name="CESIZenModel.Entities.Tracker_Rapport" filename="CesiNewsModel\Entities\Tracker_Rapport.cs" line-rate="0.5" branch-rate="1" complexity="4">
          <methods>
            <method name="get_Id" signature="()" line-rate="0" branch-rate="1" complexity="1">
              <lines>
                <line number="13" hits="0" branch="False" />
              </lines>
            </method>
            <method name="get_Tracker" signature="()" line-rate="1" branch-rate="1" complexity="1">
              <lines>
                <line number="17" hits="4" branch="False" />
              </lines>
            </method>
            <method name="get_Id_Rapport" signature="()" line-rate="0" branch-rate="1" complexity="1">
              <lines>
                <line number="19" hits="0" branch="False" />
              </lines>
            </method>
            <method name="get_Rapport" signature="()" line-rate="1" branch-rate="1" complexity="1">
              <lines>
                <line number="22" hits="4" branch="False" />
              </lines>
            </method>
          </methods>
          <lines>
            <line number="13" hits="0" branch="False" />
            <line number="17" hits="4" branch="False" />
            <line number="19" hits="0" branch="False" />
            <line number="22" hits="4" branch="False" />
          </lines>
        </class>
        <class name="CESIZenModel.Entities.Utilisateur" filename="CesiNewsModel\Entities\Utilisateur.cs" line-rate="0.5" branch-rate="1" complexity="10">
          <methods>
            <method name="get_Id" signature="()" line-rate="1" branch-rate="1" complexity="1">
              <lines>
                <line number="14" hits="3" branch="False" />
              </lines>
            </method>
            <method name="get_Pseudo" signature="()" line-rate="0" branch-rate="1" complexity="1">
              <lines>
                <line number="15" hits="0" branch="False" />
              </lines>
            </method>
            <method name="get_Mdp" signature="()" line-rate="1" branch-rate="1" complexity="1">
              <lines>
                <line number="16" hits="8" branch="False" />
              </lines>
            </method>
            <method name="get_Nom" signature="()" line-rate="1" branch-rate="1" complexity="1">
              <lines>
                <line number="17" hits="3" branch="False" />
              </lines>
            </method>
            <method name="get_Prenom" signature="()" line-rate="0" branch-rate="1" complexity="1">
              <lines>
                <line number="18" hits="0" branch="False" />
              </lines>
            </method>
            <method name="get_Mail" signature="()" line-rate="1" branch-rate="1" complexity="1">
              <lines>
                <line number="19" hits="3" branch="False" />
              </lines>
            </method>
            <method name="get_Tel" signature="()" line-rate="0" branch-rate="1" complexity="1">
              <lines>
                <line number="20" hits="0" branch="False" />
              </lines>
            </method>
            <method name="get_Actif" signature="()" line-rate="0" branch-rate="1" complexity="1">
              <lines>
                <line number="22" hits="0" branch="False" />
              </lines>
            </method>
            <method name="get_Role" signature="()" line-rate="1" branch-rate="1" complexity="1">
              <lines>
                <line number="24" hits="3" branch="False" />
              </lines>
            </method>
            <method name="get_Trackers" signature="()" line-rate="0" branch-rate="1" complexity="1">
              <lines>
                <line number="27" hits="0" branch="False" />
              </lines>
            </method>
          </methods>
          <lines>
            <line number="14" hits="3" branch="False" />
            <line number="15" hits="0" branch="False" />
            <line number="16" hits="8" branch="False" />
            <line number="17" hits="3" branch="False" />
            <line number="18" hits="0" branch="False" />
            <line number="19" hits="3" branch="False" />
            <line number="20" hits="0" branch="False" />
            <line number="22" hits="0" branch="False" />
            <line number="24" hits="3" branch="False" />
            <line number="27" hits="0" branch="False" />
          </lines>
        </class>
        <class name="CESIZenModel.Context.NewsDbContext" filename="CesiNewsModel\Context\NewDbContext.cs" line-rate="1" branch-rate="1" complexity="6">
          <methods>
            <method name="get_Emotions" signature="()" line-rate="1" branch-rate="1" complexity="1">
              <lines>
                <line number="13" hits="14" branch="False" />
              </lines>
            </method>
            <method name="get_Trackers" signature="()" line-rate="1" branch-rate="1" complexity="1">
              <lines>
                <line number="15" hits="19" branch="False" />
              </lines>
            </method>
            <method name="get_Utilisateurs" signature="()" line-rate="1" branch-rate="1" complexity="1">
              <lines>
                <line number="17" hits="21" branch="False" />
              </lines>
            </method>
            <method name="get_RapportEmotions" signature="()" line-rate="1" branch-rate="1" complexity="1">
              <lines>
                <line number="21" hits="16" branch="False" />
              </lines>
            </method>
            <method name="get_Tracker_Rapports" signature="()" line-rate="1" branch-rate="1" complexity="1">
              <lines>
                <line number="23" hits="18" branch="False" />
              </lines>
            </method>
            <method name=".ctor" signature="(Microsoft.EntityFrameworkCore.DbContextOptions`1&lt;CESIZenModel.Context.NewsDbContext&gt;)" line-rate="1" branch-rate="1" complexity="1">
              <lines>
                <line number="27" hits="7" branch="False" />
                <line number="28" hits="7" branch="False" />
                <line number="29" hits="7" branch="False" />
              </lines>
            </method>
          </methods>
          <lines>
            <line number="13" hits="14" branch="False" />
            <line number="15" hits="19" branch="False" />
            <line number="17" hits="21" branch="False" />
            <line number="21" hits="16" branch="False" />
            <line number="23" hits="18" branch="False" />
            <line number="27" hits="7" branch="False" />
            <line number="28" hits="7" branch="False" />
            <line number="29" hits="7" branch="False" />
          </lines>
        </class>
      </classes>
    </package>
  </packages>
</coverage>